{
  message: '🧠 Brain connected successfully',
  level: 'info',
  label: 'NS',
  timestamp: '2023-06-18T14:42:24.117Z'
}
{
  message: 'Univercity Management listening on port 5000',
  level: 'info',
  label: 'NS',
  timestamp: '2023-06-18T14:42:24.139Z'
}
{
  message: '🧠 Brain connected successfully',
  level: 'info',
  label: 'NS',
  timestamp: '2023-06-18T14:43:19.161Z'
}
{
  message: 'Univercity Management listening on port 5000',
  level: 'info',
  label: 'NS',
  timestamp: '2023-06-18T14:43:19.229Z'
}
