{
  message: '🧠 Brain connected successfully',
  level: 'info',
  label: 'NS',
  timestamp: '2023-06-18T04:01:57.676Z'
}
{
  message: 'Univercity Management listening on port 5000',
  level: 'info',
  label: 'NS',
  timestamp: '2023-06-18T04:01:57.705Z'
}
{
  message: '🧠 Brain connected successfully',
  level: 'info',
  label: 'NS',
  timestamp: '2023-06-18T04:02:03.462Z'
}
{
  message: 'Univercity Management listening on port 5000',
  level: 'info',
  label: 'NS',
  timestamp: '2023-06-18T04:02:03.483Z'
}
{
  message: '🧠 Brain connected successfully',
  level: 'info',
  label: 'NS',
  timestamp: '2023-06-18T04:17:19.157Z'
}
{
  message: 'Univercity Management listening on port 5000',
  level: 'info',
  label: 'NS',
  timestamp: '2023-06-18T04:17:19.215Z'
}
{
  message: '🧠 Brain connected successfully',
  level: 'info',
  label: 'NS',
  timestamp: '2023-06-18T04:31:45.691Z'
}
{
  message: 'Univercity Management listening on port 5000',
  level: 'info',
  label: 'NS',
  timestamp: '2023-06-18T04:31:45.712Z'
}
{
  message: '🧠 Brain connected successfully',
  level: 'info',
  label: 'NS',
  timestamp: '2023-06-18T04:41:39.421Z'
}
{
  message: 'Univercity Management listening on port 5000',
  level: 'info',
  label: 'NS',
  timestamp: '2023-06-18T04:41:39.440Z'
}
{
  message: '🧠 Brain connected successfully',
  level: 'info',
  label: 'NS',
  timestamp: '2023-06-18T04:45:10.505Z'
}
{
  message: 'Univercity Management listening on port 5000',
  level: 'info',
  label: 'NS',
  timestamp: '2023-06-18T04:45:10.524Z'
}
{
  message: '🧠 Brain connected successfully',
  level: 'info',
  label: 'NS',
  timestamp: '2023-06-18T04:46:48.618Z'
}
{
  message: 'Univercity Management listening on port 5000',
  level: 'info',
  label: 'NS',
  timestamp: '2023-06-18T04:46:48.647Z'
}
