{
  message: '🧠 Brain connected successfully',
  level: 'info',
  label: 'NS',
  timestamp: '2023-06-18T03:48:11.630Z'
}
{
  message: 'Univercity Management listening on port 5000',
  level: 'info',
  label: 'NS',
  timestamp: '2023-06-18T03:48:11.673Z'
}
{
  message: '🧠 Brain connected successfully',
  level: 'info',
  label: 'NS',
  timestamp: '2023-06-18T03:52:53.781Z'
}
{
  message: 'Univercity Management listening on port 5000',
  level: 'info',
  label: 'NS',
  timestamp: '2023-06-18T03:52:53.954Z'
}
{
  message: '🧠 Brain connected successfully',
  level: 'info',
  label: 'NS',
  timestamp: '2023-06-18T03:55:58.258Z'
}
{
  message: 'Univercity Management listening on port 5000',
  level: 'info',
  label: 'NS',
  timestamp: '2023-06-18T03:55:58.279Z'
}
{
  message: '🧠 Brain connected successfully',
  level: 'info',
  label: 'NS',
  timestamp: '2023-06-18T03:57:28.768Z'
}
{
  message: 'Univercity Management listening on port 5000',
  level: 'info',
  label: 'NS',
  timestamp: '2023-06-18T03:57:28.788Z'
}
{
  message: '🧠 Brain connected successfully',
  level: 'info',
  label: 'NS',
  timestamp: '2023-06-18T03:58:01.204Z'
}
{
  message: 'Univercity Management listening on port 5000',
  level: 'info',
  label: 'NS',
  timestamp: '2023-06-18T03:58:01.226Z'
}
