{
  message: '🧠 Brain connected successfully',
  level: 'info',
  label: 'NS',
  timestamp: '2023-06-18T06:49:08.526Z'
}
{
  message: 'Univercity Management listening on port 5000',
  level: 'info',
  label: 'NS',
  timestamp: '2023-06-18T06:49:08.554Z'
}
{
  message: '🧠 Brain connected successfully',
  level: 'info',
  label: 'NS',
  timestamp: '2023-06-18T06:49:26.541Z'
}
{
  message: 'Univercity Management listening on port 5000',
  level: 'info',
  label: 'NS',
  timestamp: '2023-06-18T06:49:26.562Z'
}
{
  message: '🧠 Brain connected successfully',
  level: 'info',
  label: 'NS',
  timestamp: '2023-06-18T06:51:21.466Z'
}
{
  message: 'Univercity Management listening on port 5000',
  level: 'info',
  label: 'NS',
  timestamp: '2023-06-18T06:51:21.495Z'
}
{
  message: '🧠 Brain connected successfully',
  level: 'info',
  label: 'NS',
  timestamp: '2023-06-18T06:56:05.340Z'
}
{
  message: 'Univercity Management listening on port 5000',
  level: 'info',
  label: 'NS',
  timestamp: '2023-06-18T06:56:05.359Z'
}
{
  message: '🧠 Brain connected successfully',
  level: 'info',
  label: 'NS',
  timestamp: '2023-06-18T06:57:49.923Z'
}
{
  message: 'Univercity Management listening on port 5000',
  level: 'info',
  label: 'NS',
  timestamp: '2023-06-18T06:57:49.943Z'
}
{
  message: '🧠 Brain connected successfully',
  level: 'info',
  label: 'NS',
  timestamp: '2023-06-18T06:59:25.927Z'
}
{
  message: 'Univercity Management listening on port 5000',
  level: 'info',
  label: 'NS',
  timestamp: '2023-06-18T06:59:25.975Z'
}
