{
  message: '🧠 Brain not connected Server selection timed out after 30000 ms',
  reason: TopologyDescription {
    type: 'ReplicaSetNoPrimary',
    servers: Map(3) {
      'cluster0-shard-00-00.b39c2.mongodb.net:27017' => ServerDescription {
        address: 'cluster0-shard-00-00.b39c2.mongodb.net:27017',
        type: 'RSSecondary',
        hosts: [
          'cluster0-shard-00-00.b39c2.mongodb.net:27017',
          'cluster0-shard-00-01.b39c2.mongodb.net:27017',
          'cluster0-shard-00-02.b39c2.mongodb.net:27017'
        ],
        passives: [],
        arbiters: [],
        tags: {
          workloadType: 'OPERATIONAL',
          nodeType: 'ELECTABLE',
          region: 'AP_SOUTH_1',
          provider: 'AWS'
        },
        minWireVersion: 0,
        maxWireVersion: 17,
        roundTripTime: 15430.400000000001,
        lastUpdateTime: 261944263,
        lastWriteDate: 2023-06-16T15:13:26.000Z,
        error: null,
        topologyVersion: {
          processId: new ObjectId("648bf674e13dff9f8d0f1677"),
          counter: 4
        },
        setName: 'atlas-2x6uar-shard-0',
        setVersion: 4,
        electionId: null,
        logicalSessionTimeoutMinutes: 30,
        primary: 'cluster0-shard-00-01.b39c2.mongodb.net:27017',
        me: 'cluster0-shard-00-00.b39c2.mongodb.net:27017',
        '$clusterTime': {
          clusterTime: new Timestamp({ t: 1686928406, i: 11 }),
          signature: {
            hash: Binary.createFromBase64("1QlXE/YRhvXpWUVLazvrvIdvFRA=", 0),
            keyId: new Long("7189654491908538370")
          }
        }
      },
      'cluster0-shard-00-01.b39c2.mongodb.net:27017' => ServerDescription {
        address: 'cluster0-shard-00-01.b39c2.mongodb.net:27017',
        type: 'Unknown',
        hosts: [],
        passives: [],
        arbiters: [],
        tags: {},
        minWireVersion: 0,
        maxWireVersion: 0,
        roundTripTime: -1,
        lastUpdateTime: 261914383,
        lastWriteDate: 0,
        error: null,
        topologyVersion: null,
        setName: null,
        setVersion: null,
        electionId: null,
        logicalSessionTimeoutMinutes: null,
        primary: null,
        me: null,
        '$clusterTime': null
      },
      'cluster0-shard-00-02.b39c2.mongodb.net:27017' => ServerDescription {
        address: 'cluster0-shard-00-02.b39c2.mongodb.net:27017',
        type: 'RSSecondary',
        hosts: [
          'cluster0-shard-00-00.b39c2.mongodb.net:27017',
          'cluster0-shard-00-01.b39c2.mongodb.net:27017',
          'cluster0-shard-00-02.b39c2.mongodb.net:27017'
        ],
        passives: [],
        arbiters: [],
        tags: {
          provider: 'AWS',
          region: 'AP_SOUTH_1',
          nodeType: 'ELECTABLE',
          workloadType: 'OPERATIONAL'
        },
        minWireVersion: 0,
        maxWireVersion: 17,
        roundTripTime: 566.76,
        lastUpdateTime: 261935537,
        lastWriteDate: 2023-06-16T15:13:17.000Z,
        error: null,
        topologyVersion: {
          processId: new ObjectId("648bf893b827f177d69729ed"),
          counter: 3
        },
        setName: 'atlas-2x6uar-shard-0',
        setVersion: 4,
        electionId: null,
        logicalSessionTimeoutMinutes: 30,
        primary: 'cluster0-shard-00-01.b39c2.mongodb.net:27017',
        me: 'cluster0-shard-00-02.b39c2.mongodb.net:27017',
        '$clusterTime': {
          clusterTime: new Timestamp({ t: 1686928397, i: 12 }),
          signature: {
            hash: Binary.createFromBase64("peW7DX3unF2tZ9cg8Bc4XNhvAQc=", 0),
            keyId: new Long("7189654491908538370")
          }
        }
      }
    },
    stale: false,
    compatible: true,
    heartbeatFrequencyMS: 10000,
    localThresholdMS: 15,
    setName: 'atlas-2x6uar-shard-0',
    maxElectionId: null,
    maxSetVersion: null,
    commonWireVersion: 0,
    logicalSessionTimeoutMinutes: 30
  },
  code: undefined,
  level: 'error',
  stack: 'MongooseServerSelectionError: Server selection timed out after 30000 ms\n' +
    '    at _handleConnectionErrors (F:\\Web development\\Next Level Web 2\\mission-3\\univercity-management-auth-backend\\node_modules\\mongoose\\lib\\connection.js:792:11)\n' +
    '    at NativeConnection.openUri (F:\\Web development\\Next Level Web 2\\mission-3\\univercity-management-auth-backend\\node_modules\\mongoose\\lib\\connection.js:767:11)\n' +
    '    at processTicksAndRejections (node:internal/process/task_queues:95:5)',
  label: 'NS',
  timestamp: '2023-06-16T15:13:30.473Z'
}
